This is pdfTeX, Version 3.141592653-2.6-1.40.22 (TeX Live 2021) (preloaded format=latex 2021.4.23)  7 SEP 2021 16:23
entering extended mode
 restricted \write18 enabled.
 %&-line parsing enabled.
**q
(/usr/local/texlive/2021basic/texmf-dist/tex/latex/tools/q.tex
LaTeX2e <2020-10-01> patch level 4
L3 programming layer <2021-02-18> File ignored
)
! Emergency stop.
<*> q
     
*** (job aborted, no legal \end found)

 
Here is how much of TeX's memory you used:
 17 strings out of 480446
 525 string characters out of 5892417
 279279 words of memory out of 5000000
 17392 multiletter control sequences out of 15000+600000
 403430 words of font info for 27 fonts, out of 8000000 for 9000
 319 hyphenation exceptions out of 8191
 13i,0n,15p,81b,10s stack positions out of 5000i,500n,10000p,200000b,80000s
No pages of output.
